C51 COMPILER V9.59.0.0   INIT                                                              03/30/2019 16:20:21 PAGE 1   


C51 COMPILER V9.59.0.0, COMPILATION OF MODULE INIT
OBJECT MODULE PLACED IN .\obj\INIT.obj
COMPILER INVOKED BY: E:\MDK\C51\BIN\C51.EXE C\INIT.C OPTIMIZE(8,SPEED) BROWSE INCDIR(.\H;.\lib) DEBUG OBJECTEXTEND PRINT
                    -(.\lst\INIT.lst) TABS(7) OBJECT(.\obj\INIT.obj)

line level    source

   1          #include "h/INIT.H"
   2          
   3          #include "H/SC93F833X_C.H"
   4          unsigned char count_250us_time,count_level;
   5          unsigned int count_1ms_time;
   6          extern unsigned int motro_count0,motro_count1,auto_close_heat_cnt,auto_close_mass_cnt;
   7          extern unsigned char up_flag,down_flag,auto_close_heat,auto_close_mass;
   8          
   9          unsigned char u8IICdata;
  10          
  11          void GPIO_INIT(void)
  12          {
  13   1             IO_IIC_INT_PIN = 1;                       //P21 IIC INT脚，1=当前无数据
  14   1          IO_BACK_LIGHT_PIN = 0;          //关闭背光
  15   1          IO_LED0_PIN = 1;                //关闭功能指示LED
  16   1          IO_LED1_PIN = 1;                //关闭功能指示LED
  17   1          P2CON |= (1 << 1) | (1 << 4) | (1 << 6) | (1 << 7);    //设置P21 P24 P26 P27为输出
  18   1          P1CON = 0xFF;                  //设置功能指示LED驱动脚
  19   1          P1 = 0xFF;                     //关闭功能指示LED
  20   1          P1CON &= ~0X30;
  21   1          P1PH  |= 0X30;
  22   1      }
  23          
  24          
  25          void iic_init(void)
  26          {
  27   1          OTCON = 0x80; //0b10000000; //SSMOD=10 TWI mode
  28   1          SSCON1 = 0x45;//0b01011010; //Add=5A
  29   1          SSCON0 = 0x88;//0b10001000; //Enable TWI
  30   1          IE1 |=0x01;//0b00000001;   //Enable ESSI INT
  31   1      }
  32          
  33          void iic_interrput() interrupt 7
  34          {
  35   1          //软件清TWIF标志
  36   1          if( (SSCON0&0x07) == 0x02 )
  37   1             {
  38   2                    if( 0x45 != SSDAT )
  39   2                    {
  40   3                           u8IICdata = SSDAT;
  41   3                  IO_LED0_PIN = (0x01&u8IICdata)?1:0;
  42   3                  IO_LED1_PIN = (0x02&u8IICdata)?1:0;
  43   3                  IO_LED2_PIN = (0x04&u8IICdata)?1:0;
  44   3                  IO_LED3_PIN = (0x08&u8IICdata)?1:0;
  45   3                  IO_LED4_PIN = (0x10&u8IICdata)?1:0;
  46   3                  IO_LED5_PIN = (0x20&u8IICdata)?1:0;
  47   3                  
  48   3                  IO_BACK_LIGHT_PIN = (0x40&u8IICdata)?0:1;
  49   3                    }
  50   2             }
  51   1          else if( (SSCON0&0x07) == 0x03 )      //发送数据状态
  52   1             {
  53   2                    IO_IIC_INT_PIN = 1;
  54   2             }
C51 COMPILER V9.59.0.0   INIT                                                              03/30/2019 16:20:21 PAGE 2   

  55   1                    
  56   1             SSCON0 &= 0xbf;//0b10111111; //TWIF = 0;
  57   1      }
  58          
  59          void Timer0_Init(void)
  60          { 
  61   1             //TMCON = 0X07;    //------111 ;Timer0、Tiemr1和Tiemr2选择时钟Fsys
  62   1             //T0设置
  63   1             //TMOD = 0x44;     //0001 0001  ;Timer0和Timer1设置工作方式1
  64   1             TL0 = (65536 - 605)%256;    //溢出时间：时钟为Fsys，则6000*（1/Fsys）=250us;
  65   1             TH0 = (65536 - 605)/256;
  66   1             TR0 = 0;
  67   1             ET0 = 1;//定时器0允许
  68   1             TR0 = 1;//打开定时器0
  69   1             //T2设置
  70   1             T2MOD=0x00;
  71   1             T2CON=0x00;    //设置为16位重载寄存器
  72   1             RCAP2H=(65536-1000)/256;     //溢出时间：时钟为Fsys，则12000*（1/Fsys）=0.5ms;
  73   1             RCAP2L=(65536-1000)%256;
  74   1             TR2 = 0;
  75   1             ET2 = 1;//定时器2允许
  76   1             TR2 = 1;//打开定时器2       
  77   1      }
  78          
  79          void TIMER1_INIT(void)
  80          {
  81   1             //TMCON = 0X07;    //------111 ;Timer0、Tiemr1和Tiemr2选择时钟Fsys
  82   1          //T1设置
  83   1             //TMOD = 0x44;
  84   1             TL1 = (65536 - 6060)%256;   //溢出时间：时钟为Fsys，则24000*（1/Fsys）=1ms;
  85   1             TH1 = (65536 - 6060)/256;
  86   1             TR1 = 0;
  87   1             ET1 = 1;//定时器1允许
  88   1             TR1 = 1;//打开定时器1   
  89   1      }
  90          
  91          void timer1() interrupt 3
  92          {
  93   1          TL1 = (65536 - 6060)%256;
  94   1             TH1 = (65536 - 6060)/256;
  95   1      }
  96          
  97          void timer0() interrupt 1
  98          {
  99   1          TL0 = (65536 - 605)%256;
 100   1             TH0 = (65536 - 605)/256;     //100us
 101   1      
 102   1          count_250us_time++;
 103   1             if(count_250us_time > 100)
 104   1             {
 105   2               count_250us_time = 0;
 106   2             }
 107   1             
 108   1      }
 109          
 110          void Timer2Int(void) interrupt 5
 111          {             
 112   1             TF2 = 0;   //溢出清零
 113   1      //    P02=~P02;
 114   1      //    P25 = ~P25;
 115   1      }
 116          
C51 COMPILER V9.59.0.0   INIT                                                              03/30/2019 16:20:21 PAGE 3   

 117          


MODULE INFORMATION:   STATIC OVERLAYABLE
   CODE SIZE        =    247    ----
   CONSTANT SIZE    =   ----    ----
   XDATA SIZE       =   ----    ----
   PDATA SIZE       =   ----    ----
   DATA SIZE        =      5    ----
   IDATA SIZE       =   ----    ----
   BIT SIZE         =   ----    ----
END OF MODULE INFORMATION.


C51 COMPILATION COMPLETE.  0 WARNING(S),  0 ERROR(S)
