C51 COMPILER V9.59.0.0   MAIN                                                              03/30/2019 16:18:19 PAGE 1   


C51 COMPILER V9.59.0.0, COMPILATION OF MODULE MAIN
OBJECT MODULE PLACED IN .\obj\main.obj
COMPILER INVOKED BY: E:\MDK\C51\BIN\C51.EXE C\main.c OPTIMIZE(8,SPEED) BROWSE INCDIR(.\H;.\lib) DEBUG OBJECTEXTEND PRINT
                    -(.\lst\main.lst) TABS(7) OBJECT(.\obj\main.obj)

line level    source

   1          #include "H/SC93F833X_C.H"
   2          #include "lib/SensorMethod.h"
   3          #include "h/UART.H"
   4          #include "h/INIT.H"
   5          
   6          
   7          unsigned long Key_Buf,KeyDebunce,MyKey_Buf_Data;
   8          
   9          unsigned char u8KeyValue = 0;
  10          #define TK0_VALUE    0x20
  11          #define TK1_VALUE    0x10
  12          #define TK2_VALUE    0x08
  13          #define TK3_VALUE    0x04
  14          #define TK4_VALUE    0x02
  15          #define TK13_VALUE   0x01
  16          
  17          void main()
  18          {
  19   1             GPIO_INIT();
  20   1          Timer0_Init();
  21   1             iic_init();
  22   1      
  23   1          TouchKeyInit(); // 触控按键初始化
  24   1             EA = 1;
  25   1             
  26   1             while(1)
  27   1             {
  28   2                    WDTCON|=0x10;
  29   2                    if(SOCAPI_TouchKeyStatus&0x80) // 重要步骤 2: 触摸键扫描一轮标志，是否调用 TouchKeyScan() 一定要根据此标
             -志位置起后
  30   2                    {
  31   3                           SOCAPI_TouchKeyStatus &= 0x7f;// 重要步骤 3:  清除标志位， 需要外部清除。
  32   3                           MyKey_Buf_Data = TouchKeyScan();// 按键数据处理函数
  33   3                           switch(MyKey_Buf_Data)
  34   3                           {
  35   4                                  case 0X0001:                //TK0
  36   4                                         if( TK0_VALUE != u8KeyValue )      
  37   4                                         {      
  38   5                                                u8KeyValue = TK0_VALUE;                                 //按键变化，向主控发送
  39   5                                                SSDAT = u8KeyValue;
  40   5                                                IO_IIC_INT_PIN = 0;
  41   5                                         }
  42   4                                         break;
  43   4                                  case 0X0002:                //TK1
  44   4                                         if( TK1_VALUE != u8KeyValue )      
  45   4                                         {
  46   5                                                u8KeyValue = TK1_VALUE;                                 //按键变化，向主控发送
  47   5                                                SSDAT = u8KeyValue;
  48   5                                                IO_IIC_INT_PIN = 0;
  49   5                                         }
  50   4                                         break;
  51   4                                  case 0X0004:                //TK2
  52   4                                         if( TK2_VALUE != u8KeyValue )
  53   4                                         {
C51 COMPILER V9.59.0.0   MAIN                                                              03/30/2019 16:18:19 PAGE 2   

  54   5                                                u8KeyValue = TK2_VALUE;                                 //按键变化，向主控发送
  55   5                                                SSDAT = u8KeyValue;
  56   5                                                IO_IIC_INT_PIN = 0;
  57   5                                         }
  58   4                                         break;
  59   4                                  case 0X0008:                //TK3
  60   4                                         if( TK3_VALUE != u8KeyValue )
  61   4                                         {
  62   5                                                u8KeyValue = TK3_VALUE;                                 //按键变化，向主控发送
  63   5                                                SSDAT = u8KeyValue;
  64   5                                                IO_IIC_INT_PIN = 0;
  65   5                                         }
  66   4                                         break;
  67   4                                                
  68   4                                  case 0X0010:                //TK4
  69   4                                         if( TK4_VALUE != u8KeyValue )
  70   4                                         {
  71   5                                                u8KeyValue = TK4_VALUE;                                 //按键变化，向主控发送
  72   5                                                SSDAT = u8KeyValue;
  73   5                                                IO_IIC_INT_PIN = 0;
  74   5                                         }
  75   4                                         break;
  76   4                                  case 0X2000:                //TK13
  77   4                                         if( TK13_VALUE != u8KeyValue )
  78   4                                         {
  79   5                                                u8KeyValue = TK13_VALUE;                                //按键变化，向主控发送
  80   5                                                SSDAT = u8KeyValue;
  81   5                                                IO_IIC_INT_PIN = 0;
  82   5                                         }
  83   4                                         break;
  84   4                                  default:
  85   4                                         if( 0 != u8KeyValue )
  86   4                                         {
  87   5                                                u8KeyValue = 0;                                                //按键变化，向主控发送
  88   5                                                SSDAT = u8KeyValue;
  89   5                                                IO_IIC_INT_PIN = 0;
  90   5                                         }
  91   4                                         break;
  92   4                           }
  93   3                           TouchKeyRestart();// 启动下一轮转换
  94   3                    }         
  95   2             }      
  96   1      }
  97          
  98          


MODULE INFORMATION:   STATIC OVERLAYABLE
   CODE SIZE        =    165    ----
   CONSTANT SIZE    =   ----    ----
   XDATA SIZE       =   ----    ----
   PDATA SIZE       =   ----    ----
   DATA SIZE        =     13    ----
   IDATA SIZE       =   ----    ----
   BIT SIZE         =   ----    ----
END OF MODULE INFORMATION.


C51 COMPILATION COMPLETE.  0 WARNING(S),  0 ERROR(S)
